c:\github\microengine\bin-int\x64\debug\microengine\vc143.pdb
c:\github\microengine\bin-int\x64\debug\microengine\vc143.idb
c:\github\microengine\bin-int\x64\debug\microengine\systemmanager.obj
c:\github\microengine\bin-int\x64\debug\microengine\lightsystem.obj
c:\github\microengine\bin-int\x64\debug\microengine\scene.obj
c:\github\microengine\bin-int\x64\debug\microengine\inputaction.obj
c:\github\microengine\bin-int\x64\debug\microengine\collision.obj
c:\github\microengine\bin-int\x64\debug\microengine\gameobject.obj
c:\github\microengine\bin-int\x64\debug\microengine\camera.obj
c:\github\microengine\bin-int\x64\debug\microengine\jsoncpp.obj
c:\github\microengine\bin-int\x64\debug\microengine\filemanager.obj
c:\github\microengine\bin-int\x64\debug\microengine\application.obj
c:\github\microengine\bin\x64\debug\microengine\microengine.lib
c:\github\microengine\bin\x64\debug\microengine\microengine.exp
c:\github\microengine\bin\x64\debug\microengine\microengine.dll
c:\github\microengine\bin-int\x64\debug\microengine\microengine.ilk
c:\github\microengine\bin\x64\debug\microengine\microengine.pdb
c:\github\microengine\bin-int\x64\debug\microengine\microengine.vcxproj.filelistabsolute.txt
c:\github\microengine\bin-int\x64\debug\microengine\microengine.tlog\cl.command.1.tlog
c:\github\microengine\bin-int\x64\debug\microengine\microengine.tlog\cl.items.tlog
c:\github\microengine\bin-int\x64\debug\microengine\microengine.tlog\cl.read.1.tlog
c:\github\microengine\bin-int\x64\debug\microengine\microengine.tlog\cl.write.1.tlog
c:\github\microengine\bin-int\x64\debug\microengine\microengine.tlog\link.command.1.tlog
c:\github\microengine\bin-int\x64\debug\microengine\microengine.tlog\link.read.1.tlog
c:\github\microengine\bin-int\x64\debug\microengine\microengine.tlog\link.write.1.tlog
c:\github\microengine\bin-int\x64\debug\microengine\microengine.tlog\link.write.2u.tlog
